<?xml version="1.0" encoding="UTF-8"?>
<!-- Generated by org.testng.reporters.JUnitReportReporter -->
<testsuite hostname="DESKTOP-HF6IO01" name="com.qa.jtv.TestCases.Try2" tests="1" failures="0" timestamp="22 Oct 2019 00:18:57 GMT" time="40.282" errors="0">
  <testcase name="multipleWindow" time="40.282" classname="com.qa.jtv.TestCases.Try2"/>
</testsuite> <!-- com.qa.jtv.TestCases.Try2 -->
