<?xml version="1.0" encoding="UTF-8"?>
<!-- Generated by org.testng.reporters.JUnitReportReporter -->
<testsuite hostname="DESKTOP-HF6IO01" name="com.qa.jtv.TestCases.Home_PageTest" tests="1" failures="0" timestamp="9 Oct 2019 05:10:46 GMT" time="84.367" errors="0">
  <testcase name="goToCreateAccount" time="84.367" classname="com.qa.jtv.TestCases.Home_PageTest"/>
</testsuite> <!-- com.qa.jtv.TestCases.Home_PageTest -->
