<?xml version="1.0" encoding="UTF-8"?>
<!-- Generated by org.testng.reporters.JUnitReportReporter -->
<testsuite hostname="DESKTOP-HF6IO01" name="com.qa.jtv.TestCases.CreateAccount_PageTest" tests="3" failures="0" timestamp="14 Oct 2019 19:36:56 GMT" time="158.798" errors="0">
  <testcase name="createAccount" time="45.584" classname="com.qa.jtv.TestCases.CreateAccount_PageTest"/>
  <testcase name="createAccount" time="50.064" classname="com.qa.jtv.TestCases.CreateAccount_PageTest"/>
  <testcase name="createAccount" time="63.150" classname="com.qa.jtv.TestCases.CreateAccount_PageTest"/>
</testsuite> <!-- com.qa.jtv.TestCases.CreateAccount_PageTest -->
