<?xml version="1.0" encoding="UTF-8"?>
<!-- Generated by org.testng.reporters.JUnitReportReporter -->
<testsuite hostname="DESKTOP-HF6IO01" name="com.qa.jtv.TestCases.AccountLanding_Test" tests="1" failures="0" timestamp="23 Oct 2019 03:05:14 GMT" time="72.975" errors="0">
  <testcase name="goToAddress" time="72.975" classname="com.qa.jtv.TestCases.AccountLanding_Test"/>
</testsuite> <!-- com.qa.jtv.TestCases.AccountLanding_Test -->
