<?xml version="1.0" encoding="UTF-8"?>
<!-- Generated by org.testng.reporters.JUnitReportReporter -->
<testsuite hostname="DESKTOP-HF6IO01" name="com.qa.jtv.TestCases.Home_PageTest" tests="1" failures="0" timestamp="16 Oct 2019 03:13:16 GMT" time="74.669" errors="0">
  <testcase name="clickfooterlink" time="74.669" classname="com.qa.jtv.TestCases.Home_PageTest"/>
</testsuite> <!-- com.qa.jtv.TestCases.Home_PageTest -->
