<?xml version="1.0" encoding="UTF-8"?>
<!-- Generated by org.testng.reporters.JUnitReportReporter -->
<testsuite hostname="DESKTOP-HF6IO01" name="com.qa.jtv.TestCases.LoginPage_Test" tests="1" failures="0" timestamp="15 Oct 2019 02:03:00 GMT" time="87.144" errors="0">
  <testcase name="letsEmailSignup" time="87.144" classname="com.qa.jtv.TestCases.LoginPage_Test"/>
</testsuite> <!-- com.qa.jtv.TestCases.LoginPage_Test -->
