<?xml version="1.0" encoding="UTF-8"?>
<!-- Generated by org.testng.reporters.JUnitReportReporter -->
<testsuite hostname="DESKTOP-HF6IO01" name="com.qa.jtv.TestCases.ShippingAddress_Test" tests="1" failures="0" timestamp="23 Oct 2019 05:20:31 GMT" time="84.935" errors="0">
  <testcase name="selectC" time="84.935" classname="com.qa.jtv.TestCases.ShippingAddress_Test"/>
</testsuite> <!-- com.qa.jtv.TestCases.ShippingAddress_Test -->
