<?xml version="1.0" encoding="UTF-8"?>
<!-- Generated by org.testng.reporters.JUnitReportReporter -->
<testsuite hostname="DESKTOP-HF6IO01" name="com.qa.jtv.TestCases.LoginPage_Test" tests="1" failures="0" timestamp="14 Oct 2019 21:22:32 GMT" time="74.947" errors="0">
  <testcase name="letsLogin" time="74.947" classname="com.qa.jtv.TestCases.LoginPage_Test"/>
</testsuite> <!-- com.qa.jtv.TestCases.LoginPage_Test -->
