<?xml version="1.0" encoding="UTF-8"?>
<!-- Generated by org.testng.reporters.JUnitReportReporter -->
<testsuite hostname="DESKTOP-HF6IO01" name="com.qa.jtv.TestCases.MultipleWindows" tests="1" failures="0" timestamp="23 Oct 2019 00:56:04 GMT" time="33.343" errors="0">
  <testcase name="getWin" time="33.343" classname="com.qa.jtv.TestCases.MultipleWindows"/>
</testsuite> <!-- com.qa.jtv.TestCases.MultipleWindows -->
